[2025-09-25 16:14:25] INFO: Sistema inicializado correctamente
[2025-09-25 16:14:26] INFO: Sistema inicializado correctamente
[2025-09-25 16:15:23] INFO: Sistema inicializado correctamente
[2025-09-25 16:15:23] INFO: Sistema inicializado correctamente
[2025-09-25 16:15:24] INFO: Sistema inicializado correctamente
[2025-09-25 16:15:24] INFO: Sistema inicializado correctamente
[2025-09-25 16:16:31] INFO: Sistema inicializado correctamente
[2025-09-25 16:16:33] INFO: Sistema inicializado correctamente
[2025-09-25 16:16:34] INFO: Sistema inicializado correctamente
[2025-09-25 16:16:34] INFO: Sistema inicializado correctamente
[2025-09-25 16:16:34] INFO: Sistema inicializado correctamente
[2025-09-25 16:16:34] INFO: Sistema inicializado correctamente
[2025-09-25 16:16:35] INFO: Sistema inicializado correctamente
[2025-09-25 16:16:48] INFO: Sistema inicializado correctamente
[2025-09-25 16:17:42] INFO: Sistema inicializado correctamente
[2025-09-25 16:17:43] INFO: Sistema inicializado correctamente
[2025-09-25 16:17:43] INFO: Sistema inicializado correctamente
[2025-09-25 16:18:22] INFO: Sistema inicializado correctamente
[2025-09-25 16:19:34] INFO: Sistema inicializado correctamente
[2025-09-25 16:19:47] INFO: Sistema inicializado correctamente
[2025-09-25 16:24:16] INFO: Sistema inicializado correctamente
[2025-09-25 16:27:54] INFO: Sistema inicializado correctamente
[2025-09-25 16:28:53] INFO: Sistema inicializado correctamente
[2025-09-25 16:28:53] INFO: Sistema inicializado correctamente
[2025-09-25 16:30:25] INFO: Sistema inicializado correctamente
[2025-09-25 16:30:26] INFO: Sistema inicializado correctamente
[2025-09-25 16:30:34] INFO: Sistema inicializado correctamente
[2025-09-25 16:30:34] INFO: Sistema inicializado correctamente
[2025-09-25 16:30:42] INFO: Sistema inicializado correctamente
[2025-09-25 16:30:42] INFO: Sistema inicializado correctamente
[2025-09-25 16:32:04] INFO: Sistema inicializado correctamente
[2025-09-25 16:32:04] INFO: Sistema inicializado correctamente
[2025-09-25 16:33:23] INFO: Sistema inicializado correctamente
[2025-09-25 16:33:32] INFO: Sistema inicializado correctamente
[2025-09-25 16:34:41] INFO: Sistema inicializado correctamente
[2025-09-25 16:34:58] INFO: Sistema inicializado correctamente
[2025-09-25 16:36:58] INFO: Sistema inicializado correctamente
[2025-09-25 16:41:59] INFO: Sistema inicializado correctamente
[2025-09-25 16:44:10] INFO: Sistema inicializado correctamente
[2025-09-25 16:46:46] INFO: Sistema inicializado correctamente
[2025-09-25 16:46:47] INFO: Sistema inicializado correctamente
[2025-09-25 17:02:11] INFO: Sistema inicializado correctamente
[2025-09-25 17:02:18] INFO: Sistema inicializado correctamente
[2025-09-25 17:02:20] INFO: Sistema inicializado correctamente
[2025-09-25 17:02:21] INFO: PDF contiene 612 líneas para analizar
[2025-09-25 17:02:21] DEBUG: Línea no reconocida 2: CAPITAL TRANSPORT LLC 1154631
[2025-09-25 17:02:21] DEBUG: Línea no reconocida 24: 08/30/2025 01:54:16R5704014
[2025-09-25 17:02:21] DEBUG: Línea no reconocida 25: 16146 PH	08/20/202541156392 0 21.19 19.17 TN 406.21 1507096542	RMTAAT101
[2025-09-25 17:02:21] DEBUG: Línea no reconocida 26: 16146 PH	08/20/202541156628 0 21.81 19.17 TN 418.10 1507096542	RMTAAT101
[2025-09-25 17:02:21] DEBUG: Línea no reconocida 27: 16146 PH	08/20/202541156757 0 20.85 19.17 TN 399.69 1507096542	RMTAAT101
[2025-09-25 17:02:21] DEBUG: Línea no reconocida 30: 16146 PH	08/21/202541156929 0 21.56 19.17 TN 413.31 1509040042	RMTAAT101
[2025-09-25 17:02:21] DEBUG: Línea no reconocida 31: 16146 PH	08/21/202541157129 0 21.00 9.75 TN 204.75 1509040042	RMTAAT101
[2025-09-25 17:02:21] DEBUG: Línea no reconocida 32: 16146 PH	08/21/202541157344 0 20.82 9.75 TN 203.00 1509040042	RMTAAT101
[2025-09-25 17:02:21] DEBUG: Línea no reconocida 35: 16146 PH	08/26/202541158600 0 23.35 11.50 TN 268.53 1510858642	RMTAAT101
[2025-09-25 17:02:21] DEBUG: Línea no reconocida 39: 16146 PH	08/20/202541156382 0 24.03 19.17 TN 460.66 1507096542	RMTCCL099
[2025-09-25 17:02:21] DEBUG: Línea no reconocida 40: 16146 PH	08/20/202541156522 0 23.87 19.17 TN 457.59 1507096542	RMTCCL099
[2025-09-25 17:02:21] DEBUG: Línea no reconocida 41: 16146 PH	08/20/202541156635 0 23.51 19.17 TN 450.69 1507096542	RMTCCL099
[2025-09-25 17:02:21] DEBUG: Línea no reconocida 44: 16146 PH	08/22/202541157457 0 24.18 12.03 TN 290.89 1509040042	RMTCCL099
[2025-09-25 17:02:21] DEBUG: Línea no reconocida 45: 16146 PH	08/22/202541157581 0 24.21 12.03 TN 291.25 1509040042	RMTCCL099
[2025-09-25 17:02:21] DEBUG: Línea no reconocida 49: 16146 PH	08/20/202541156738 0 24.61 10.25 TN 252.25 1507096542	RMTETE101
[2025-09-25 17:02:21] DEBUG: Línea no reconocida 50: 16146 PH	08/20/202541156848 0 25.73 10.25 TN 263.73 1507096542	RMTETE101
[2025-09-25 17:02:21] DEBUG: Línea no reconocida 54: 16146 PH	08/22/202541157567 0 22.48 12.03 TN 270.43 1509040042	RMTGRE070
[2025-09-25 17:02:21] DEBUG: Línea no reconocida 55: 16146 PH	08/22/202541157701 0 23.00 12.03 TN 276.69 1509040042	RMTGRE070
[2025-09-25 17:02:21] DEBUG: Línea no reconocida 56: 16146 PH	08/22/202541157848 0 21.98 12.03 TN 264.42 1509040042	RMTGRE070
[2025-09-25 17:02:21] DEBUG: Línea no reconocida 59: 16146 PH	08/26/202541158572 0 24.54 11.00 TN 269.94 1510858642	RMTGRE070
[2025-09-25 17:02:21] DEBUG: Línea no reconocida 60: 16146 PH	08/26/202541158726 0 25.44 11.00 TN 279.84 1510858642	RMTGRE070
[2025-09-25 17:02:21] DEBUG: Línea no reconocida 61: 16146 PH	08/26/202541158884 0 25.35 11.00 TN 278.85 1510858642	RMTGRE070
[2025-09-25 17:02:21] DEBUG: Línea no reconocida 65: CAPITAL TRANSPORT LLC 1154631
[2025-09-25 17:02:21] DEBUG: Línea no reconocida 87: 08/30/2025 01:54:16R5704014
[2025-09-25 17:02:21] DEBUG: Línea no reconocida 91: 16146 PH	08/26/202541158448 0 23.75 11.50 TN 273.13 1510858642	RMTGVR020
[2025-09-25 17:02:21] DEBUG: Línea no reconocida 92: 16146 PH	08/26/202541158626 0 23.48 11.50 TN 270.02 1510858642	RMTGVR020
[2025-09-25 17:02:21] DEBUG: Línea no reconocida 93: 16146 PH	08/26/202541158820 0 24.24 11.50 TN 278.76 1510858642	RMTGVR020
[2025-09-25 17:02:21] DEBUG: Línea no reconocida 97: 16146 PH	08/21/202541157010 0 24.06 15.63 TN 376.06 1509040042	RMTJAV001
[2025-09-25 17:02:21] DEBUG: Línea no reconocida 98: 16146 PH	08/21/202541157188 0 22.53 15.63 TN 352.14 1509040042	RMTJAV001
[2025-09-25 17:02:21] DEBUG: Línea no reconocida 99: 16146 PH	08/21/202541157331 0 23.55 11.00 TN 259.05 1507999742	RMTJAV001
[2025-09-25 17:02:21] DEBUG: Línea no reconocida 102: 16146 PH	08/26/202541158460 0 24.85 11.50 TN 285.78 1510858642	RMTJAV001
[2025-09-25 17:02:21] DEBUG: Línea no reconocida 103: 16146 PH	08/26/202541158631 0 24.18 11.50 TN 278.07 1510858642	RMTJAV001
[2025-09-25 17:02:21] DEBUG: Línea no reconocida 104: 16146 PH	08/26/202541158806 0 24.15 11.50 TN 277.73 1510858642	RMTJAV001
[2025-09-25 17:02:21] DEBUG: Línea no reconocida 105: 16146 PH	08/26/202541158941 0 24.39 11.50 TN 280.49 1510858642	RMTJAV001
[2025-09-25 17:02:21] DEBUG: Línea no reconocida 109: 16146 PH	08/20/202541156452 0 22.84 10.25 TN 234.11 1507096542	RMTLEO006
[2025-09-25 17:02:21] DEBUG: Línea no reconocida 110: 16146 PH	08/20/202541156582 0 24.41 10.25 TN 250.20 1507096542	RMTLEO006
[2025-09-25 17:02:21] DEBUG: Línea no reconocida 111: 16146 PH	08/20/202541156702 0 24.69 10.25 TN 253.07 1507096542	RMTLEO006
[2025-09-25 17:02:21] DEBUG: Línea no reconocida 112: 16146 PH	08/20/202541156825 0 23.64 10.25 TN 242.31 1507096542	RMTLEO006
[2025-09-25 17:02:21] DEBUG: Línea no reconocida 115: 16146 PH	08/26/202541158455 0 23.31 19.94 TN 464.80 1510858642	RMTLEO006
[2025-09-25 17:02:21] DEBUG: Línea no reconocida 116: 16146 PH	08/26/202541158670 0 23.05 19.94 TN 459.62 1510858642	RMTLEO006
[2025-09-25 17:02:21] DEBUG: Línea no reconocida 117: 16146 PH	08/26/202541158992 0 24.36 19.94 TN 485.74 1510858642	RMTLEO006
[2025-09-25 17:02:21] DEBUG: Línea no reconocida 121: 16146 PH	08/22/202541157553 0 22.89 12.03 TN 275.37 1509040042	RMTLWH001
[2025-09-25 17:02:21] DEBUG: Línea no reconocida 122: 16146 PH	08/22/202541157743 0 22.94 12.03 TN 275.97 1509040042	RMTLWH001
[2025-09-25 17:02:21] DEBUG: Línea no reconocida 123: 16146 PH	08/22/202541157880 0 22.70 12.03 TN 273.08 1509040042	RMTLWH001
[2025-09-25 17:02:21] DEBUG: Línea no reconocida 127: CAPITAL TRANSPORT LLC 1154631
[2025-09-25 17:02:21] DEBUG: Línea no reconocida 149: 08/30/2025 01:54:16R5704014
[2025-09-25 17:02:21] DEBUG: Línea no reconocida 153: 16146 PH	08/20/202541156510 0 26.59 9.75 TN 259.25 1507096542	RMTLWH002
[2025-09-25 17:02:21] DEBUG: Línea no reconocida 154: 16146 PH	08/20/202541156651 0 27.16 9.75 TN 264.81 1507096542	RMTLWH002
[2025-09-25 17:02:21] DEBUG: Línea no reconocida 155: 16146 PH	08/20/202541156756 0 27.51 9.75 TN 268.22 1507096542	RMTLWH002
[2025-09-25 17:02:21] DEBUG: Línea no reconocida 156: 16146 PH	08/20/202541156846 0 27.50 9.75 TN 268.13 1507096542	RMTLWH002
[2025-09-25 17:02:21] DEBUG: Línea no reconocida 160: 16146 PH	08/20/202541156467 0 25.26 9.75 TN 246.29 1507096542	RMTMVT005
[2025-09-25 17:02:21] DEBUG: Línea no reconocida 163: 16146 PH	08/22/202541157499 0 22.68 12.03 TN 272.84 1509040042	RMTMVT005
[2025-09-25 17:02:21] DEBUG: Línea no reconocida 164: 16146 PH	08/22/202541157648 0 23.00 12.03 TN 276.69 1509040042	RMTMVT005
[2025-09-25 17:02:21] DEBUG: Línea no reconocida 165: 16146 PH	08/22/202541157806 0 22.53 12.03 TN 271.04 1509040042	RMTMVT005
[2025-09-25 17:02:21] DEBUG: Línea no reconocida 169: 16146 PH	08/20/202541156574 0 25.50 9.75 TN 248.63 1507096542	RMTMVT007
[2025-09-25 17:02:21] DEBUG: Línea no reconocida 170: 16146 PH	08/20/202541156688 0 23.14 9.75 TN 225.62 1507096542	RMTMVT007
[2025-09-25 17:02:21] DEBUG: Línea no reconocida 171: 16146 PH	08/20/202541156816 0 23.45 9.75 TN 228.64 1507096542	RMTMVT007
[2025-09-25 17:02:21] DEBUG: Línea no reconocida 174: 16146 PH	08/22/202541157494 0 22.05 12.03 TN 265.26 1509040042	RMTMVT007
[2025-09-25 17:02:21] DEBUG: Línea no reconocida 175: 16146 PH	08/22/202541157646 0 22.61 12.03 TN 272.00 1509040042	RMTMVT007
[2025-09-25 17:02:21] DEBUG: Línea no reconocida 176: 16146 PH	08/22/202541157802 0 22.46 12.03 TN 270.19 1509040042	RMTMVT007
[2025-09-25 17:02:21] DEBUG: Línea no reconocida 180: 16146 PH	08/21/202541156908 0 23.92 11.00 TN 263.12 1507999742	RMTREY002
[2025-09-25 17:02:21] DEBUG: Línea no reconocida 184: 16146 PH	08/20/202541156482 0 22.49 10.25 TN 230.52 1507096542	RMTROD002
[2025-09-25 17:02:21] DEBUG: Línea no reconocida 188: CAPITAL TRANSPORT LLC 1154631
[2025-09-25 17:02:21] DEBUG: Línea no reconocida 210: 08/30/2025 01:54:16R5704014
[2025-09-25 17:02:21] DEBUG: Línea no reconocida 211: 16146 PH	08/20/202541156622 0 21.80 10.25 TN 223.45 1507096542	RMTROD002
[2025-09-25 17:02:21] DEBUG: Línea no reconocida 214: 16146 PH	08/21/202541157385 0 21.53 11.30 TN 243.29 1509040042	RMTROD002
[2025-09-25 17:02:21] DEBUG: Línea no reconocida 218: 16146 PH	08/22/202541157809 0 23.95 9.50 TN 227.53 1509040042	RMTRUS340
[2025-09-25 17:02:21] DEBUG: Línea no reconocida 219: 16146 PH	08/22/202541157877 0 24.62 9.50 TN 233.89 1509040042	RMTRUS340
[2025-09-25 17:02:21] DEBUG: Línea no reconocida 223: 16146 PH	08/22/202541157560 0 23.98 17.77 TN 426.12 1509040042	RMTRUS701
[2025-09-25 17:02:21] DEBUG: Línea no reconocida 227: 16146 PH	08/22/202541157537 0 23.06 17.77 TN 409.78 1509040042	RMTRUS740
[2025-09-25 17:02:21] DEBUG: Línea no reconocida 231: 16146 PH	08/22/202541157434 0 23.58 11.30 TN 266.45 1509040042	RMTSAA002
[2025-09-25 17:02:21] DEBUG: Línea no reconocida 232: 16146 PH	08/22/202541157568 0 24.05 11.30 TN 271.77 1509040042	RMTSAA002
[2025-09-25 17:02:21] DEBUG: Línea no reconocida 233: 16146 PH	08/22/202541157699 0 24.90 11.30 TN 281.37 1509040042	RMTSAA002
[2025-09-25 17:02:21] DEBUG: Línea no reconocida 234: 16146 PH	08/22/202541157819 0 23.53 11.30 TN 265.89 1509040042	RMTSAA002
[2025-09-25 17:02:21] DEBUG: Línea no reconocida 238: 16146 PH	08/22/202541157442 0 24.19 11.30 TN 273.35 1509040042	RMTSAA004
[2025-09-25 17:02:21] DEBUG: Línea no reconocida 239: 16146 PH	08/22/202541157557 0 23.54 11.30 TN 266.00 1509040042	RMTSAA004
[2025-09-25 17:02:21] DEBUG: Línea no reconocida 240: 16146 PH	08/22/202541157681 0 25.81 11.30 TN 291.65 1509040042	RMTSAA004
[2025-09-25 17:02:21] DEBUG: Línea no reconocida 241: 16146 PH	08/22/202541157810 0 25.59 11.30 TN 289.17 1509040042	RMTSAA004
[2025-09-25 17:02:21] DEBUG: Línea no reconocida 247: CAPITAL TRANSPORT LLC 1154631
[2025-09-25 17:02:21] DEBUG: Línea no reconocida 269: 08/30/2025 01:54:16R5704014
[2025-09-25 17:02:21] DEBUG: Línea no reconocida 271: 16146 PH	08/21/202541156859 0 27.12 8.15 TN 221.03 1507999742	RMTSWT068
[2025-09-25 17:02:21] DEBUG: Línea no reconocida 272: 16146 PH	08/21/202541156947 0 27.14 8.15 TN 221.19 1507999742	RMTSWT068
[2025-09-25 17:02:21] DEBUG: Línea no reconocida 273: 16146 PH	08/21/202541157060 0 27.10 8.15 TN 220.87 1507999742	RMTSWT068
[2025-09-25 17:02:21] DEBUG: Línea no reconocida 274: 16146 PH	08/21/202541157212 0 27.25 8.15 TN 222.09 1507999742	RMTSWT068
[2025-09-25 17:02:21] DEBUG: Línea no reconocida 279: 16147 PH	08/20/202541156764 0 26.93 8.56 TN 230.52 1507028642	RMTCCL099
[2025-09-25 17:02:21] DEBUG: Línea no reconocida 283: 16147 PH	08/26/202541159008 0 24.34 8.56 TN 208.35 1510809342	RMTGRE070
[2025-09-25 17:02:21] DEBUG: Línea no reconocida 287: 16147 PH	08/26/202541159003 0 25.98 8.56 TN 222.39 1510809342	RMTLWH002
[2025-09-25 17:02:21] DEBUG: Línea no reconocida 292: 16305 PH	08/22/202530371049 0 29.41 3.80 TN 111.76 1509042402	RMTANI008
[2025-09-25 17:02:21] DEBUG: Línea no reconocida 296: 16305 PH	08/20/202530370108 0 29.77 8.94 TN 266.14 1507098202	RMTJAV001
[2025-09-25 17:02:21] DEBUG: Línea no reconocida 297: 16305 PH	08/20/202530370163 0 28.80 8.94 TN 257.47 1507098202	RMTJAV001
[2025-09-25 17:02:21] DEBUG: Línea no reconocida 298: 16305 PH	08/20/202530370222 0 29.68 8.94 TN 265.34 1507098202	RMTJAV001
[2025-09-25 17:02:21] DEBUG: Línea no reconocida 299: 16305 PH	08/20/202530370272 0 29.37 8.94 TN 262.57 1507098202	RMTJAV001
[2025-09-25 17:02:21] DEBUG: Línea no reconocida 303: CAPITAL TRANSPORT LLC 1154631
[2025-09-25 17:02:21] DEBUG: Línea no reconocida 325: 08/30/2025 01:54:16R5704014
[2025-09-25 17:02:21] DEBUG: Línea no reconocida 329: 16305 PH	08/21/202530370490 0 29.18 8.90 TN 259.70 1508002102	RMTREY002
[2025-09-25 17:02:21] DEBUG: Línea no reconocida 330: 16305 PH	08/21/202530370528 0 29.25 8.90 TN 260.33 1508002102	RMTREY002
[2025-09-25 17:02:21] DEBUG: Línea no reconocida 331: 16305 PH	08/21/202530370570 0 30.40 8.90 TN 270.56 1508002102	RMTREY002
[2025-09-25 17:02:21] DEBUG: Línea no reconocida 335: 16305 PH	08/21/202530370429 0 23.82 14.45 TN 344.20 1508002102	RMTROD002
[2025-09-25 17:02:21] DEBUG: Línea no reconocida 336: 16305 PH	08/21/202530370531 0 29.01 14.45 TN 419.19 1508002102	RMTROD002
[2025-09-25 17:02:21] DEBUG: Línea no reconocida 337: 16305 PH	08/21/202530370627 0 28.92 14.45 TN 417.89 1508002102	RMTROD002
[2025-09-25 17:02:21] DEBUG: Línea no reconocida 341: 16305 PH	08/22/202530370880 0 29.98 3.80 TN 113.92 1509042402	RMTRUS701
[2025-09-25 17:02:21] DEBUG: Línea no reconocida 342: 16305 PH	08/22/202530370915 0 30.57 3.80 TN 116.17 1509042402	RMTRUS701
[2025-09-25 17:02:21] DEBUG: Línea no reconocida 343: 16305 PH	08/22/202530370948 0 30.53 3.80 TN 116.01 1509042402	RMTRUS701
[2025-09-25 17:02:21] DEBUG: Línea no reconocida 344: 16305 PH	08/22/202530370992 0 30.14 3.80 TN 114.53 1509042402	RMTRUS701
[2025-09-25 17:02:21] DEBUG: Línea no reconocida 348: 16305 PH	08/22/202530370865 0 28.88 3.80 TN 109.74 1509042402	RMTRUS740
[2025-09-25 17:02:21] DEBUG: Línea no reconocida 349: 16305 PH	08/22/202530370906 0 28.45 3.80 TN 108.11 1509042402	RMTRUS740
[2025-09-25 17:02:21] DEBUG: Línea no reconocida 350: 16305 PH	08/22/202530370949 0 29.60 3.80 TN 112.48 1509042402	RMTRUS740
[2025-09-25 17:02:21] DEBUG: Línea no reconocida 351: 16305 PH	08/22/202530370993 0 29.59 3.80 TN 112.44 1509042402	RMTRUS740
[2025-09-25 17:02:21] DEBUG: Línea no reconocida 355: 16305 PH	08/22/202530371051 0 30.16 5.45 TN 164.37 1509042402	RMTSAA002
[2025-09-25 17:02:21] DEBUG: Línea no reconocida 359: 16305 PH	08/22/202530371050 0 31.74 5.45 TN 172.98 1509042402	RMTSAA004
[2025-09-25 17:02:21] DEBUG: Línea no reconocida 363: CAPITAL TRANSPORT LLC 1154631
[2025-09-25 17:02:21] DEBUG: Línea no reconocida 385: 08/30/2025 01:54:16R5704014
[2025-09-25 17:02:21] DEBUG: Línea no reconocida 390: 16306 PH	08/22/202531733263 0 23.85 9.45 TN 225.38 1509044202	RMTAAT101
[2025-09-25 17:02:21] DEBUG: Línea no reconocida 391: 16306 PH	08/22/202531733406 0 23.92 9.45 TN 226.04 1509044202	RMTAAT101
[2025-09-25 17:02:21] DEBUG: Línea no reconocida 395: 16306 PH	08/22/202531733224 0 24.21 23.10 TN 559.25 1509907802	RMTANI008
[2025-09-25 17:02:21] DEBUG: Línea no reconocida 399: 16306 PH	08/21/202531732331 0 26.03 9.20 TN 239.48 1508003802	RMTCCL099
[2025-09-25 17:02:21] DEBUG: Línea no reconocida 400: 16306 PH	08/21/202531732456 0 25.82 9.20 TN 237.54 1508003802	RMTCCL099
[2025-09-25 17:02:21] DEBUG: Línea no reconocida 401: 16306 PH	08/21/202531732578 0 26.70 9.20 TN 245.64 1508003802	RMTCCL099
[2025-09-25 17:02:21] DEBUG: Línea no reconocida 402: 16306 PH	08/21/202531732733 0 26.63 9.20 TN 245.00 1508003802	RMTCCL099
[2025-09-25 17:02:21] DEBUG: Línea no reconocida 403: 16306 PH	08/21/202531732843 0 25.67 9.20 TN 236.16 1508003802	RMTCCL099
[2025-09-25 17:02:21] DEBUG: Línea no reconocida 407: 16306 PH	08/21/202531732385 0 29.13 9.20 TN 268.00 1508003802	RMTGRE070
[2025-09-25 17:02:21] DEBUG: Línea no reconocida 408: 16306 PH	08/21/202531732517 0 28.59 9.20 TN 263.03 1508003802	RMTGRE070
[2025-09-25 17:02:21] DEBUG: Línea no reconocida 409: 16306 PH	08/21/202531732671 0 28.87 9.20 TN 265.60 1508003802	RMTGRE070
[2025-09-25 17:02:21] DEBUG: Línea no reconocida 410: 16306 PH	08/21/202531732815 0 28.58 9.20 TN 262.94 1508003802	RMTGRE070
[2025-09-25 17:02:21] DEBUG: Línea no reconocida 414: 16306 PH	08/20/202531731531 0 24.69 6.10 TN 150.61 1507100002	RMTGVR020
[2025-09-25 17:02:21] DEBUG: Línea no reconocida 415: 16306 PH	08/20/202531731634 0 24.55 6.10 TN 149.76 1507100002	RMTGVR020
[2025-09-25 17:02:21] DEBUG: Línea no reconocida 416: 16306 PH	08/20/202531731758 0 25.33 6.10 TN 154.51 1507100002	RMTGVR020
[2025-09-25 17:02:21] DEBUG: Línea no reconocida 417: 16306 PH	08/20/202531731843 0 25.07 6.10 TN 152.93 1507100002	RMTGVR020
[2025-09-25 17:02:21] DEBUG: Línea no reconocida 418: 16306 PH	08/20/202531731932 0 25.33 6.10 TN 154.51 1507100002	RMTGVR020
[2025-09-25 17:02:21] DEBUG: Línea no reconocida 422: CAPITAL TRANSPORT LLC 1154631
[2025-09-25 17:02:21] DEBUG: Línea no reconocida 444: 08/30/2025 01:54:16R5704014
[2025-09-25 17:02:21] DEBUG: Línea no reconocida 448: 16306 PH	08/21/202531732319 0 30.20 6.93 TN 209.29 1508003802	RMTJAV001
[2025-09-25 17:02:21] DEBUG: Línea no reconocida 452: 16306 PH	08/21/202531732311 0 23.00 7.35 TN 169.05 1508003802	RMTLEO006
[2025-09-25 17:02:21] DEBUG: Línea no reconocida 453: 16306 PH	08/21/202531732389 0 24.37 7.35 TN 179.12 1508003802	RMTLEO006
[2025-09-25 17:02:21] DEBUG: Línea no reconocida 454: 16306 PH	08/21/202531732502 0 24.44 7.35 TN 179.63 1508003802	RMTLEO006
[2025-09-25 17:02:21] DEBUG: Línea no reconocida 455: 16306 PH	08/21/202531732591 0 24.63 7.35 TN 181.03 1508003802	RMTLEO006
[2025-09-25 17:02:21] DEBUG: Línea no reconocida 456: 16306 PH	08/21/202531732692 0 24.60 7.35 TN 180.81 1508003802	RMTLEO006
[2025-09-25 17:02:21] DEBUG: Línea no reconocida 457: 16306 PH	08/21/202531732813 0 24.39 7.35 TN 179.27 1508003802	RMTLEO006
[2025-09-25 17:02:21] DEBUG: Línea no reconocida 460: 16306 PH	08/22/202531733212 0 24.10 9.45 TN 227.75 1509044202	RMTLEO006
[2025-09-25 17:02:21] DEBUG: Línea no reconocida 461: 16306 PH	08/22/202531733231 31732934 24.48 9.45 TN 231.34 1509044202	RMTLEO006
[2025-09-25 17:02:21] DEBUG: Línea no reconocida 462: 16306 PH	08/22/202531733232 31733069 24.46 9.45 TN 231.15 1509044202	RMTLEO006
[2025-09-25 17:02:21] DEBUG: Línea no reconocida 463: 16306 PH	08/22/202531733352 0 24.33 9.45 TN 229.92 1509044202	RMTLEO006
[2025-09-25 17:02:21] DEBUG: Línea no reconocida 467: 16306 PH	08/21/202531732376 0 27.10 9.20 TN 249.32 1508003802	RMTLWH002
[2025-09-25 17:02:21] DEBUG: Línea no reconocida 468: 16306 PH	08/21/202531732515 0 27.05 9.20 TN 248.86 1508003802	RMTLWH002
[2025-09-25 17:02:21] DEBUG: Línea no reconocida 469: 16306 PH	08/21/202531732673 0 26.65 9.20 TN 245.18 1508003802	RMTLWH002
[2025-09-25 17:02:21] DEBUG: Línea no reconocida 470: 16306 PH	08/21/202531732809 0 26.97 9.20 TN 248.12 1508003802	RMTLWH002
[2025-09-25 17:02:21] DEBUG: Línea no reconocida 474: 16306 PH	08/21/202531732286 0 29.43 9.20 TN 270.76 1508003802	RMTMVT005
[2025-09-25 17:02:21] DEBUG: Línea no reconocida 475: 16306 PH	08/21/202531732442 0 29.75 9.20 TN 273.70 1508003802	RMTMVT005
[2025-09-25 17:02:21] DEBUG: Línea no reconocida 476: 16306 PH	08/21/202531732630 0 29.92 9.20 TN 275.26 1508003802	RMTMVT005
[2025-09-25 17:02:21] DEBUG: Línea no reconocida 477: 16306 PH	08/21/202531732789 0 29.54 9.20 TN 271.77 1508003802	RMTMVT005
[2025-09-25 17:02:21] DEBUG: Línea no reconocida 484: CAPITAL TRANSPORT LLC 1154631
[2025-09-25 17:02:21] DEBUG: Línea no reconocida 506: 08/30/2025 01:54:16R5704014
[2025-09-25 17:02:21] DEBUG: Línea no reconocida 507: 16306 PH	08/21/202531732278 0 24.68 9.20 TN 227.06 1508003802	RMTMVT007
[2025-09-25 17:02:21] DEBUG: Línea no reconocida 508: 16306 PH	08/21/202531732418 0 25.24 9.20 TN 232.21 1508003802	RMTMVT007
[2025-09-25 17:02:21] DEBUG: Línea no reconocida 509: 16306 PH	08/21/202531732559 0 25.55 9.20 TN 235.06 1508003802	RMTMVT007
[2025-09-25 17:02:21] DEBUG: Línea no reconocida 510: 16306 PH	08/21/202531732751 0 25.19 9.20 TN 231.75 1508003802	RMTMVT007
[2025-09-25 17:02:21] DEBUG: Línea no reconocida 514: 16306 PH	08/22/202531732964 0 5.52 140.00 HR 772.38 1509044202	RMTRUS340
[2025-09-25 17:02:21] DEBUG: Línea no reconocida 519: 16318 PH	08/22/202530371042 0 30.08 5.31 TN 159.72 1508991702	RMTRUS701
[2025-09-25 17:02:21] DEBUG: Línea no reconocida 523: 16318 PH	08/22/202530371041 0 28.81 5.31 TN 152.98 1508991702	RMTRUS740
[2025-09-25 17:02:21] DEBUG: Línea no reconocida 528: 16431 PH	08/22/202531733512 0 24.80 8.32 TN 206.34 1508994902	RMTAAT101
[2025-09-25 17:02:21] DEBUG: Línea no reconocida 532: 16431 PH	08/22/202531733513 0 24.49 8.32 TN 203.76 1508994902	RMTLEO006
[2025-09-25 17:02:21] DEBUG: Línea no reconocida 536: 16431 PH	08/22/202531733477 0 28.05 8.32 TN 233.38 1508994902	RMTMVT005
[2025-09-25 17:02:21] DEBUG: Línea no reconocida 540: CAPITAL TRANSPORT LLC 1154631
[2025-09-25 17:02:21] DEBUG: Línea no reconocida 562: 08/30/2025 01:54:16R5704014
[2025-09-25 17:02:21] DEBUG: Línea no reconocida 566: 16431 PH	08/22/202531733474 0 28.53 8.32 TN 237.37 1508994902	RMTMVT007
[2025-09-25 17:02:21] DEBUG: Línea no reconocida 571: 16452 PH	08/22/20256010447 0 21.00 22.70 TN 476.70 1509046874	RMTCTL014
[2025-09-25 17:02:21] DEBUG: Línea no reconocida 579: CAPITAL TRANSPORT LLC 1154631
[2025-09-25 17:02:21] DEBUG: Línea no reconocida 601: 08/30/2025 01:54:16R5704014
[2025-09-25 17:02:21] INFO: Estadísticas calculadas: {"total_rows_found":602,"valid_rows_extracted":0,"rows_with_errors":168,"companies_found":[],"extraction_confidence":0}
[2025-09-25 17:04:30] INFO: Sistema inicializado correctamente
[2025-09-25 17:04:32] INFO: Sistema inicializado correctamente
[2025-09-25 17:05:00] INFO: Sistema inicializado correctamente
[2025-09-25 17:05:00] ERROR: Error al subir voucher: Este archivo ya fue procesado anteriormente como voucher: V20250925170218ff71 {"user_id":1,"file_name":"HaulVoucher_1154631_08_30_2025_1.pdf"}
[2025-09-25 17:05:07] INFO: Sistema inicializado correctamente
